<?xml version="1.0" encoding="UTF-8"?>
<!-- Generated by org.testng.reporters.JUnitXMLReporter -->
<testsuite hostname="PC" name="Functional Tests" tests="10" failures="1" timestamp="7 Aug 2014 12:39:24 GMT" time="338.672" errors="0">
  <testcase name="readParams" time="48.735" classname="test.TestAddToCartAndRemove"/>
  <testcase name="readParams" time="30.609" classname="test.TestGoToHowToPay"/>
  <testcase name="readParams" time="35.57" classname="test.TestFindFirstCameraResult"/>
  <testcase name="readParams" time="16.627" classname="test.TestSearch"/>
  <testcase name="readParams" time="28.222" classname="test.TestSignIn"/>
  <testcase name="readParams" time="26.903" classname="test.TestSignOut"/>
  <testcase name="readParams" time="33.147" classname="test.TestGoToShoppingCart"/>
  <testcase name="readParams" time="31.433" classname="test.TestGoToMyEbaySummary"/>
  <testcase name="readParams" time="28.966" classname="test.TestGoToMessages"/>
  <testcase name="readParams" time="14.359" classname="test.TestMenuOnMainForm">
    <failure type="java.lang.AssertionError">
      <![CDATA[java.lang.AssertionError
	at test.forms.EbayMainForm.iphoneAssert(EbayMainForm.java:86)
	at test.TestMenuOnMainForm.runTest(TestMenuOnMainForm.java:15)
	at webdriver.BaseTest.xTest(BaseTest.java:43)
	at webdriver.BaseTest.readParams(BaseTest.java:24)
... Removed 24 stack frames]]>
    </failure>
  </testcase> <!-- readParams -->
</testsuite> <!-- Functional Tests -->
